19:02:23.805 INFO  base.WebDriverFactory -OS name from system property: win
19:02:28.131 INFO  Base.CustomDriver -Waiting for max:: 5 seconds for element to be available
19:02:33.569 ERROR Base.CustomDriver -Element not appeared on the web page
19:02:33.573 INFO  Base.CustomDriver -ALERT is present
19:02:33.573 INFO  Base.CustomDriver -Exception occured
19:02:33.591 INFO  Base.CustomDriver -Login, found with link=>Login
19:02:33.748 INFO  Base.CustomDriver -Clicked on::Login
19:02:33.783 INFO  base.CheckPoint -Clearing Results Hash Map
19:02:34.118 INFO  Base.CustomDriver -Email Address, found with cssSelector=>input#email
19:02:34.195 INFO  Base.CustomDriver -Element is cleared
19:02:34.423 INFO  Base.CustomDriver -Send Keys on element :: Email Address with data :: rahulsingh123123@yopmail.com
19:02:34.449 INFO  Base.CustomDriver -Password, found with cssSelector=>input#password
19:02:34.485 INFO  Base.CustomDriver -Element is cleared
19:02:34.611 INFO  Base.CustomDriver -Send Keys on element :: Password with data :: 1@RahulSingh
19:02:34.628 INFO  Base.CustomDriver -Login Btn, found with cssSelector=>form .login_btn
19:02:34.697 INFO  Utilities.Util -Waiting 0.01 seconds :: Clicked on ::Login Btn
19:02:34.722 INFO  Base.CustomDriver -Waiting for max:: 20 seconds for element to be available
19:02:35.832 INFO  Base.CustomDriver -Element appeared on the web page
19:02:35.875 INFO  Base.CustomDriver -ALERT, found with cssSelector=>.Toastify__toast-body div
19:02:35.895 INFO  Base.CustomDriver -Element :: ALERT is displayed
19:02:35.896 INFO  base.CheckPoint -verify alert. is present with valid text :-> PASS
19:02:35.896 INFO  Base.CustomDriver -Checking to see if current url contains overview
19:02:46.386 INFO  Base.CustomDriver -Current url: https://optcs-frontend.itechnolabs.tech/login
19:02:46.386 ERROR Base.CustomDriver -Timeout exceeded. Expected URL to contain: overview
19:02:46.386 INFO  base.CheckPoint -verify logged in. with invalid cred :-> PASS
19:02:46.386 ERROR base.CheckPoint -Test Method Successful
19:02:46.391 ERROR base.CheckPoint -Test Method Successful
19:02:46.394 INFO  Base.CustomDriver ---------------------------------------------------
19:02:46.400 INFO  base.CheckPoint -Clearing Results Hash Map
19:02:46.414 INFO  Base.CustomDriver -Email Address, found with cssSelector=>input#email
19:02:46.459 INFO  Base.CustomDriver -Element is cleared
19:02:46.601 INFO  Base.CustomDriver -Send Keys on element :: Email Address with data :: rahulsingh@yopmail.com
19:02:46.614 INFO  Base.CustomDriver -Password, found with cssSelector=>input#password
19:02:46.652 INFO  Base.CustomDriver -Element is cleared
19:02:46.737 INFO  Base.CustomDriver -Send Keys on element :: Password with data :: Test@123
19:02:46.750 INFO  Base.CustomDriver -Login Btn, found with cssSelector=>form .login_btn
19:02:46.796 INFO  Utilities.Util -Waiting 0.01 seconds :: Clicked on ::Login Btn
19:02:46.812 INFO  Base.CustomDriver -Waiting for max:: 20 seconds for element to be available
19:02:47.354 INFO  Base.CustomDriver -Element appeared on the web page
19:02:47.406 INFO  Base.CustomDriver -ALERT, found with cssSelector=>.Toastify__toast-body div
19:02:47.423 INFO  Base.CustomDriver -Element :: ALERT is displayed
19:02:47.423 INFO  base.CheckPoint -verify alert. is present with valid text :-> PASS
19:02:47.423 INFO  Base.CustomDriver -Checking to see if current url contains overview
19:02:57.890 INFO  Base.CustomDriver -Current url: https://optcs-frontend.itechnolabs.tech/login
19:02:57.890 ERROR Base.CustomDriver -Timeout exceeded. Expected URL to contain: overview
19:02:57.890 INFO  base.CheckPoint -verify logged in. with invalid cred :-> PASS
19:02:57.890 ERROR base.CheckPoint -Test Method Successful
19:02:57.890 ERROR base.CheckPoint -Test Method Successful
19:02:57.891 INFO  Base.CustomDriver ---------------------------------------------------
19:02:57.902 INFO  base.CheckPoint -Clearing Results Hash Map
19:02:57.916 INFO  Base.CustomDriver -Email Address, found with cssSelector=>input#email
19:02:57.949 INFO  Base.CustomDriver -Element is cleared
19:02:58.092 INFO  Base.CustomDriver -Send Keys on element :: Email Address with data :: rahulsingh@yopmail.com
19:02:58.103 INFO  Base.CustomDriver -Password, found with cssSelector=>input#password
19:02:58.141 INFO  Base.CustomDriver -Element is cleared
19:02:58.228 INFO  Base.CustomDriver -Send Keys on element :: Password with data :: 1@RahulSingh
19:02:58.246 INFO  Base.CustomDriver -Remember Btn, found with cssSelector=>.checkmark
19:02:58.293 INFO  Base.CustomDriver -Clicked on::Remember Btn
19:02:58.307 INFO  Base.CustomDriver -Login Btn, found with cssSelector=>form .login_btn
19:02:58.344 INFO  Utilities.Util -Waiting 0.01 seconds :: Clicked on ::Login Btn
19:02:59.380 INFO  Base.CustomDriver -lOGIN ALERT, found with cssSelector=>div[role='alert'] > div
19:02:59.486 INFO  Base.CustomDriver -Profile icon, found with cssSelector=>[alt='avtar']
19:02:59.498 INFO  Base.CustomDriver -Waiting for max:: 20 seconds for element to be invisible lOGIN ALERT
