19:04:21.070 INFO  base.WebDriverFactory -OS name from system property: win
19:04:26.715 INFO  Base.CustomDriver -Register btn, found with link=>Register
19:04:26.935 INFO  Base.CustomDriver -Clicked on::Register btn
19:04:26.963 INFO  base.CheckPoint -Clearing Results Hash Map
19:04:27.141 INFO  Base.CustomDriver -Name, found with id=>name
19:04:27.338 INFO  Base.CustomDriver -Element is cleared
19:04:27.489 INFO  Base.CustomDriver -Send Keys on element :: Name with data :: DCYlF ztujB
19:04:27.507 INFO  Base.CustomDriver -Email Address, found with id=>email
19:04:27.549 INFO  Base.CustomDriver -Element is cleared
19:04:27.753 INFO  Base.CustomDriver -Send Keys on element :: Email Address with data :: QyzBRHSubS@mailinator.com
19:04:27.787 INFO  Base.CustomDriver -Password, found with id=>password
19:04:27.822 INFO  Base.CustomDriver -Element is cleared
19:04:27.945 INFO  Base.CustomDriver -Send Keys on element :: Password with data :: yN)74QSqbULh
19:04:27.971 INFO  Base.CustomDriver -Confirm Password, found with id=>password_confirmation
19:04:28.016 INFO  Base.CustomDriver -Element is cleared
19:04:28.161 INFO  Base.CustomDriver -Send Keys on element :: Confirm Password with data :: yN)74QSqbULh
19:04:28.186 INFO  Base.CustomDriver -Company Name, found with id=>company_name
19:04:28.221 INFO  Base.CustomDriver -Element is cleared
19:04:28.390 INFO  Base.CustomDriver -Send Keys on element :: Company Name with data :: osEZVR hsqWBj
19:04:28.411 INFO  Base.CustomDriver -Work Email, found with id=>work_email
19:04:28.445 INFO  Base.CustomDriver -Element is cleared
19:04:28.630 INFO  Base.CustomDriver -Send Keys on element :: Work Email with data :: uDPNFIckWc.work@maildrop.cc
19:04:28.659 INFO  Base.CustomDriver -Total Employees, found with id=>total_emp
19:04:28.711 INFO  Base.CustomDriver -Element is cleared
19:04:28.813 INFO  Base.CustomDriver -Send Keys on element :: Total Employees with data :: 857
19:04:28.830 INFO  Base.CustomDriver -Domain Sector, found with id=>domain_sector
19:04:28.906 INFO  Base.CustomDriver -Element is cleared
19:04:29.006 INFO  Base.CustomDriver -Send Keys on element :: Domain Sector with data :: 
19:04:29.027 INFO  Base.CustomDriver -Username, found with id=>username
19:04:29.073 INFO  Base.CustomDriver -Element is cleared
19:04:29.212 INFO  Base.CustomDriver -Send Keys on element :: Username with data :: XxGWkqzy
19:04:29.249 INFO  Base.CustomDriver -CREATE_ACCOUNT btn, found with cssSelector=>form .login_btn
19:04:29.265 INFO  Base.CustomDriver -Scrolled on :: CREATE_ACCOUNT btn
19:04:29.280 INFO  Base.CustomDriver -Create Account btn, found with cssSelector=>form .login_btn
19:04:29.311 INFO  Base.CustomDriver -Clicked on :: Create Account btn
19:04:29.311 INFO  Base.CustomDriver -Checking to see if current url contains register-success
19:04:39.713 INFO  Base.CustomDriver -Current url: https://optcs-frontend.itechnolabs.tech/register
19:04:39.713 ERROR Base.CustomDriver -Timeout exceeded. Expected URL to contain: register-success
19:04:39.718 INFO  Base.CustomDriver ---------------------
19:04:40.040 INFO  base.CheckPoint -Clearing Results Hash Map
19:04:40.064 INFO  Base.CustomDriver -Name, found with id=>name
19:04:40.120 INFO  Base.CustomDriver -Element is cleared
19:04:40.252 INFO  Base.CustomDriver -Send Keys on element :: Name with data :: mnBVU cRVeR
19:04:40.270 INFO  Base.CustomDriver -Email Address, found with id=>email
19:04:40.316 INFO  Base.CustomDriver -Element is cleared
19:04:40.379 INFO  Base.CustomDriver -Send Keys on element :: Email Address with data :: 
19:04:40.396 INFO  Base.CustomDriver -Password, found with id=>password
19:04:40.431 INFO  Base.CustomDriver -Element is cleared
19:04:40.551 INFO  Base.CustomDriver -Send Keys on element :: Password with data :: %vy24YVTeq@y
19:04:40.566 INFO  Base.CustomDriver -Confirm Password, found with id=>password_confirmation
19:04:40.601 INFO  Base.CustomDriver -Element is cleared
19:04:40.723 INFO  Base.CustomDriver -Send Keys on element :: Confirm Password with data :: %vy24YVTeq@y
19:04:40.737 INFO  Base.CustomDriver -Company Name, found with id=>company_name
19:04:40.772 INFO  Base.CustomDriver -Element is cleared
19:04:40.897 INFO  Base.CustomDriver -Send Keys on element :: Company Name with data :: pcDNTo CRfEwN
19:04:40.907 INFO  Base.CustomDriver -Work Email, found with id=>work_email
19:04:40.940 INFO  Base.CustomDriver -Element is cleared
19:04:41.123 INFO  Base.CustomDriver -Send Keys on element :: Work Email with data :: ErhYqBRpuu.work@mailinator.com
19:04:41.141 INFO  Base.CustomDriver -Total Employees, found with id=>total_emp
19:04:41.187 INFO  Base.CustomDriver -Element is cleared
19:04:41.255 INFO  Base.CustomDriver -Send Keys on element :: Total Employees with data :: 936
19:04:41.270 INFO  Base.CustomDriver -Domain Sector, found with id=>domain_sector
19:04:41.307 INFO  Base.CustomDriver -Element is cleared
19:04:41.436 INFO  Base.CustomDriver -Send Keys on element :: Domain Sector with data :: BPper xEJJB
19:04:41.453 INFO  Base.CustomDriver -Username, found with id=>username
19:04:41.490 INFO  Base.CustomDriver -Element is cleared
19:04:41.652 INFO  Base.CustomDriver -Send Keys on element :: Username with data :: xgvBUuXe
19:04:41.669 INFO  Base.CustomDriver -CREATE_ACCOUNT btn, found with cssSelector=>form .login_btn
19:04:41.676 INFO  Base.CustomDriver -Scrolled on :: CREATE_ACCOUNT btn
19:04:41.692 INFO  Base.CustomDriver -Create Account btn, found with cssSelector=>form .login_btn
19:04:41.721 INFO  Base.CustomDriver -Clicked on :: Create Account btn
19:04:41.721 INFO  Base.CustomDriver -Checking to see if current url contains register-success
19:04:51.510 INFO  Base.CustomDriver ---------------------
19:05:19.215 INFO  base.WebDriverFactory -OS name from system property: win
19:05:23.961 INFO  Base.CustomDriver -Register btn, found with link=>Register
19:05:24.166 INFO  Base.CustomDriver -Clicked on::Register btn
19:05:24.189 INFO  base.CheckPoint -Clearing Results Hash Map
19:05:24.215 INFO  Base.CustomDriver -No Field should be empty
19:05:24.282 INFO  Base.CustomDriver -Name, found with id=>name
19:05:24.554 INFO  Base.CustomDriver -Element is cleared
19:05:24.735 INFO  Base.CustomDriver -Send Keys on element :: Name with data :: Obiky LeJFt
19:05:24.756 INFO  Base.CustomDriver -Email Address, found with id=>email
19:05:24.798 INFO  Base.CustomDriver -Element is cleared
19:05:24.971 INFO  Base.CustomDriver -Send Keys on element :: Email Address with data :: vIPlDxifZH@yopmail.com
19:05:24.990 INFO  Base.CustomDriver -Password, found with id=>password
19:05:25.034 INFO  Base.CustomDriver -Element is cleared
19:05:25.169 INFO  Base.CustomDriver -Send Keys on element :: Password with data :: m$aDJ8OMf83C
19:05:25.189 INFO  Base.CustomDriver -Confirm Password, found with id=>password_confirmation
19:05:25.226 INFO  Base.CustomDriver -Element is cleared
19:05:25.360 INFO  Base.CustomDriver -Send Keys on element :: Confirm Password with data :: m$aDJ8OMf83C
19:05:25.384 INFO  Base.CustomDriver -Company Name, found with id=>company_name
19:05:25.422 INFO  Base.CustomDriver -Element is cleared
19:05:25.555 INFO  Base.CustomDriver -Send Keys on element :: Company Name with data :: xMqBQa AfsLVn
19:05:25.575 INFO  Base.CustomDriver -Work Email, found with id=>work_email
19:05:25.634 INFO  Base.CustomDriver -Element is cleared
19:05:25.821 INFO  Base.CustomDriver -Send Keys on element :: Work Email with data :: xLlGoseFmH.work@yopmail.com
19:05:25.841 INFO  Base.CustomDriver -Total Employees, found with id=>total_emp
19:05:25.887 INFO  Base.CustomDriver -Element is cleared
19:05:25.996 INFO  Base.CustomDriver -Send Keys on element :: Total Employees with data :: 628
19:05:26.022 INFO  Base.CustomDriver -Domain Sector, found with id=>domain_sector
19:05:26.074 INFO  Base.CustomDriver -Element is cleared
19:05:26.213 INFO  Base.CustomDriver -Send Keys on element :: Domain Sector with data :: ijiEM mUwkF
19:05:26.248 INFO  Base.CustomDriver -Username, found with id=>username
19:05:26.295 INFO  Base.CustomDriver -Element is cleared
19:05:26.425 INFO  Base.CustomDriver -Send Keys on element :: Username with data :: enkXAmKP
19:05:26.444 INFO  Base.CustomDriver -CREATE_ACCOUNT btn, found with cssSelector=>form .login_btn
19:05:26.457 INFO  Base.CustomDriver -Scrolled on :: CREATE_ACCOUNT btn
19:05:26.470 INFO  Base.CustomDriver -Create Account btn, found with cssSelector=>form .login_btn
19:05:26.494 INFO  Base.CustomDriver -Clicked on :: Create Account btn
19:05:26.495 INFO  Base.CustomDriver -Checking to see if current url contains register-success
19:05:28.636 INFO  Base.CustomDriver ---------------------
19:05:29.033 INFO  base.CheckPoint -Clearing Results Hash Map
19:05:29.056 INFO  Base.CustomDriver -Name, found with id=>name
19:05:29.091 INFO  Base.CustomDriver -Element is cleared
19:05:29.204 INFO  Base.CustomDriver -Send Keys on element :: Name with data :: LQjpa MCfHG
19:05:29.221 INFO  Base.CustomDriver -Email Address, found with id=>email
19:05:29.255 INFO  Base.CustomDriver -Element is cleared
19:05:29.404 INFO  Base.CustomDriver -Send Keys on element :: Email Address with data :: JYGJzAdezV@yopmail.com
19:05:29.417 INFO  Base.CustomDriver -Password, found with id=>password
19:05:29.448 INFO  Base.CustomDriver -Element is cleared
19:05:29.591 INFO  Base.CustomDriver -Send Keys on element :: Password with data :: IJsGD9*7RDE8
19:05:29.619 INFO  Base.CustomDriver -Confirm Password, found with id=>password_confirmation
19:05:29.660 INFO  Base.CustomDriver -Element is cleared
19:05:29.820 INFO  Base.CustomDriver -Send Keys on element :: Confirm Password with data :: IJsGD9*7RDE8
19:05:29.835 INFO  Base.CustomDriver -Company Name, found with id=>company_name
19:05:29.870 INFO  Base.CustomDriver -Element is cleared
19:05:29.925 INFO  Base.CustomDriver -Send Keys on element :: Company Name with data :: 
19:05:29.940 INFO  Base.CustomDriver -Work Email, found with id=>work_email
19:05:29.977 INFO  Base.CustomDriver -Element is cleared
19:05:30.172 INFO  Base.CustomDriver -Send Keys on element :: Work Email with data :: vSqgVSgmcW.work@mailinator.com
19:05:30.187 INFO  Base.CustomDriver -Total Employees, found with id=>total_emp
19:05:30.229 INFO  Base.CustomDriver -Element is cleared
19:05:30.328 INFO  Base.CustomDriver -Send Keys on element :: Total Employees with data :: 375
19:05:30.344 INFO  Base.CustomDriver -Domain Sector, found with id=>domain_sector
19:05:30.390 INFO  Base.CustomDriver -Element is cleared
19:05:30.503 INFO  Base.CustomDriver -Send Keys on element :: Domain Sector with data :: DRdqL UQfCT
19:05:30.520 INFO  Base.CustomDriver -Username, found with id=>username
19:05:30.558 INFO  Base.CustomDriver -Element is cleared
19:05:30.673 INFO  Base.CustomDriver -Send Keys on element :: Username with data :: tZJEgiSr
19:05:30.686 INFO  Base.CustomDriver -CREATE_ACCOUNT btn, found with cssSelector=>form .login_btn
19:05:30.693 INFO  Base.CustomDriver -Scrolled on :: CREATE_ACCOUNT btn
19:05:30.709 INFO  Base.CustomDriver -Create Account btn, found with cssSelector=>form .login_btn
19:05:30.729 INFO  Base.CustomDriver -Clicked on :: Create Account btn
19:05:30.729 INFO  Base.CustomDriver -Checking to see if current url contains register-success
19:05:41.041 INFO  Base.CustomDriver -Current url: https://optcs-frontend.itechnolabs.tech/register
19:05:41.041 ERROR Base.CustomDriver -Timeout exceeded. Expected URL to contain: register-success
19:05:41.042 INFO  Base.CustomDriver ---------------------
19:05:41.264 INFO  base.CheckPoint -Clearing Results Hash Map
19:05:41.313 INFO  Base.CustomDriver -Name, found with id=>name
19:05:41.362 INFO  Base.CustomDriver -Element is cleared
19:05:41.467 INFO  Base.CustomDriver -Send Keys on element :: Name with data :: HWelC NPfkg
19:05:41.483 INFO  Base.CustomDriver -Email Address, found with id=>email
19:05:41.529 INFO  Base.CustomDriver -Element is cleared
19:05:41.726 INFO  Base.CustomDriver -Send Keys on element :: Email Address with data :: aGKePwRlwJ@mailinator.com
19:05:41.744 INFO  Base.CustomDriver -Password, found with id=>password
19:05:41.779 INFO  Base.CustomDriver -Element is cleared
19:05:41.902 INFO  Base.CustomDriver -Send Keys on element :: Password with data :: ^RD3Qq!uHtBk
19:05:41.919 INFO  Base.CustomDriver -Confirm Password, found with id=>password_confirmation
19:05:41.953 INFO  Base.CustomDriver -Element is cleared
19:05:42.014 INFO  Base.CustomDriver -Send Keys on element :: Confirm Password with data :: 
19:05:42.034 INFO  Base.CustomDriver -Company Name, found with id=>company_name
19:05:42.067 INFO  Base.CustomDriver -Element is cleared
19:05:42.180 INFO  Base.CustomDriver -Send Keys on element :: Company Name with data :: YJQlkF ZNPMus
19:05:42.193 INFO  Base.CustomDriver -Work Email, found with id=>work_email
19:05:42.227 INFO  Base.CustomDriver -Element is cleared
19:05:42.404 INFO  Base.CustomDriver -Send Keys on element :: Work Email with data :: MnSPpGmVlV.work@yopmail.com
19:05:42.417 INFO  Base.CustomDriver -Total Employees, found with id=>total_emp
19:05:42.461 INFO  Base.CustomDriver -Element is cleared
19:05:42.520 INFO  Base.CustomDriver -Send Keys on element :: Total Employees with data :: 328
19:05:42.536 INFO  Base.CustomDriver -Domain Sector, found with id=>domain_sector
19:05:42.578 INFO  Base.CustomDriver -Element is cleared
19:05:42.702 INFO  Base.CustomDriver -Send Keys on element :: Domain Sector with data :: XxacQ JZiBg
19:05:42.716 INFO  Base.CustomDriver -Username, found with id=>username
19:05:42.754 INFO  Base.CustomDriver -Element is cleared
19:05:42.882 INFO  Base.CustomDriver -Send Keys on element :: Username with data :: EZfckjWM
19:05:42.897 INFO  Base.CustomDriver -CREATE_ACCOUNT btn, found with cssSelector=>form .login_btn
19:05:42.904 INFO  Base.CustomDriver -Scrolled on :: CREATE_ACCOUNT btn
19:05:42.918 INFO  Base.CustomDriver -Create Account btn, found with cssSelector=>form .login_btn
19:05:42.937 INFO  Base.CustomDriver -Clicked on :: Create Account btn
19:05:42.937 INFO  Base.CustomDriver -Checking to see if current url contains register-success
19:05:53.253 INFO  Base.CustomDriver -Current url: https://optcs-frontend.itechnolabs.tech/register
19:05:53.253 ERROR Base.CustomDriver -Timeout exceeded. Expected URL to contain: register-success
19:05:53.254 INFO  Base.CustomDriver ---------------------
19:05:53.493 INFO  base.CheckPoint -Clearing Results Hash Map
19:05:53.537 INFO  Base.CustomDriver -Name, found with id=>name
19:05:53.574 INFO  Base.CustomDriver -Element is cleared
19:05:53.724 INFO  Base.CustomDriver -Send Keys on element :: Name with data :: wlfoF fOzDC
19:05:53.753 INFO  Base.CustomDriver -Email Address, found with id=>email
19:05:53.804 INFO  Base.CustomDriver -Element is cleared
19:05:53.977 INFO  Base.CustomDriver -Send Keys on element :: Email Address with data :: WdYfVJbWwS@yopmail.com
19:05:53.990 INFO  Base.CustomDriver -Password, found with id=>password
19:05:54.026 INFO  Base.CustomDriver -Element is cleared
19:05:54.156 INFO  Base.CustomDriver -Send Keys on element :: Password with data :: 35(JDmmN@1mJ
19:05:54.172 INFO  Base.CustomDriver -Confirm Password, found with id=>password_confirmation
19:05:54.206 INFO  Base.CustomDriver -Element is cleared
19:05:54.359 INFO  Base.CustomDriver -Send Keys on element :: Confirm Password with data :: 35(JDmmN@1mJ
19:05:54.372 INFO  Base.CustomDriver -Company Name, found with id=>company_name
19:05:54.405 INFO  Base.CustomDriver -Element is cleared
19:05:54.522 INFO  Base.CustomDriver -Send Keys on element :: Company Name with data :: RpkhIM oBITzH
19:05:54.530 INFO  Base.CustomDriver -Work Email, found with id=>work_email
19:05:54.562 INFO  Base.CustomDriver -Element is cleared
19:05:54.745 INFO  Base.CustomDriver -Send Keys on element :: Work Email with data :: GLZWDDKMrR.work@mailinator.com
19:05:54.759 INFO  Base.CustomDriver -Total Employees, found with id=>total_emp
19:05:54.798 INFO  Base.CustomDriver -Element is cleared
19:05:54.860 INFO  Base.CustomDriver -Send Keys on element :: Total Employees with data :: 161
19:05:54.874 INFO  Base.CustomDriver -Domain Sector, found with id=>domain_sector
19:05:54.924 INFO  Base.CustomDriver -Element is cleared
19:05:55.011 INFO  Base.CustomDriver -Send Keys on element :: Domain Sector with data :: 
19:05:55.024 INFO  Base.CustomDriver -Username, found with id=>username
19:05:55.060 INFO  Base.CustomDriver -Element is cleared
19:05:55.172 INFO  Base.CustomDriver -Send Keys on element :: Username with data :: vyqdVSvm
19:05:55.181 INFO  Base.CustomDriver -CREATE_ACCOUNT btn, found with cssSelector=>form .login_btn
19:05:55.194 INFO  Base.CustomDriver -Scrolled on :: CREATE_ACCOUNT btn
19:05:55.207 INFO  Base.CustomDriver -Create Account btn, found with cssSelector=>form .login_btn
19:05:55.226 INFO  Base.CustomDriver -Clicked on :: Create Account btn
19:05:55.226 INFO  Base.CustomDriver -Checking to see if current url contains register-success
