18:57:33.338 INFO  base.WebDriverFactory -OS name from system property: win
18:57:48.527 ERROR Base.CustomDriver -Element not found with cssSelector=>.Toastify__toast-body div
18:57:48.551 INFO  Base.CustomDriver -LOGIN BTN, found with link=>Login
18:57:48.558 INFO  Base.CustomDriver -Waiting for max:: 20 seconds for element to be invisible Logout successfully alert
18:57:48.564 ERROR Base.CustomDriver -Unable to click  LOGIN BTN
18:57:48.564 ERROR Base.CustomDriver -Cannot invoke "org.openqa.selenium.WebElement.isDisplayed()" because "element" is null
18:57:48.583 INFO  base.CheckPoint -Clearing Results Hash Map
18:57:51.616 ERROR Base.CustomDriver -Element not found with cssSelector=>input#email
18:57:51.618 ERROR Base.CustomDriver -Cannot send keys on element :: Email Address with data :: rahulsingh@yopmail.com
18:57:54.671 ERROR Base.CustomDriver -Element not found with cssSelector=>input#password
18:57:54.672 ERROR Base.CustomDriver -Cannot send keys on element :: Password with data :: 1@RahulSingh
18:57:57.751 ERROR Base.CustomDriver -Element not found with cssSelector=>.checkmark
18:57:57.755 ERROR Base.CustomDriver -Cannot click on ::Remember Btn
18:57:57.755 ERROR Base.CustomDriver -Cannot invoke "org.openqa.selenium.WebElement.click()" because "element" is null
18:57:57.761 INFO  Utilities.Util -Date and Time :: 07_03_2023 18_57_57
18:57:58.154 INFO  Base.CustomDriver -Screen Shot Was Stored at: C:\Users\iTechnolabs 06\Documents\Optcs//test-output/screenshots//_Click ERROR_07_03_2023 18_57_57.png
18:58:01.221 ERROR Base.CustomDriver -Element not found with cssSelector=>form .login_btn
18:58:01.223 ERROR Base.CustomDriver -Cannot click on ::Login Btn
18:58:01.223 ERROR Base.CustomDriver -Cannot invoke "org.openqa.selenium.WebElement.click()" because "element" is null
18:58:01.225 INFO  Utilities.Util -Date and Time :: 07_03_2023 18_58_01
18:58:01.908 INFO  Base.CustomDriver -Screen Shot Was Stored at: C:\Users\iTechnolabs 06\Documents\Optcs//test-output/screenshots//_Click ERROR_07_03_2023 18_58_01.png
18:58:04.950 ERROR Base.CustomDriver -Element not found with cssSelector=>div[role='alert'] > div
18:58:07.984 ERROR Base.CustomDriver -Element not found with cssSelector=>[alt='avtar']
18:58:08.012 INFO  Base.CustomDriver -Waiting for max:: 20 seconds for element to be invisible lOGIN ALERT
18:58:08.012 ERROR Base.CustomDriver -Unable to click  Profile icon
18:58:08.012 ERROR Base.CustomDriver -Cannot invoke "org.openqa.selenium.WebElement.isDisplayed()" because "element" is null
18:58:11.102 ERROR Base.CustomDriver -Element not found with cssSelector=>.dropdown-menu.show > a:nth-of-type(4)
18:58:11.109 INFO  Base.CustomDriver -Waiting for max:: 10 seconds for element to be clickable Sign out Btn
18:58:11.111 ERROR Base.CustomDriver -Unable to click  Sign out Btn
18:58:11.111 ERROR Base.CustomDriver -Cannot invoke "org.openqa.selenium.WebElement.isDisplayed()" because "element" is null
18:58:14.190 ERROR Base.CustomDriver -Element not found with cssSelector=>.Toastify__toast-body div
18:58:14.242 INFO  Base.CustomDriver -LOGIN BTN, found with link=>Login
18:58:14.261 INFO  Base.CustomDriver -Waiting for max:: 20 seconds for element to be invisible Logout successfully alert
18:58:14.262 ERROR Base.CustomDriver -Unable to click  LOGIN BTN
18:58:14.262 ERROR Base.CustomDriver -Cannot invoke "org.openqa.selenium.WebElement.isDisplayed()" because "element" is null
18:58:17.367 ERROR Base.CustomDriver -Element not found with cssSelector=>input#email
18:58:17.368 ERROR Base.CustomDriver -Cannot send keys on element :: Email Address with data :: email
18:58:20.389 ERROR Base.CustomDriver -Element not found with cssSelector=>input#password
18:58:20.390 ERROR Base.CustomDriver -Cannot send keys on element :: Password with data :: password
18:58:23.456 ERROR Base.CustomDriver -Element not found with cssSelector=>input#email
18:58:23.475 INFO  Base.CustomDriver ---------------------
